<?xml version="1.0" encoding="UTF-8"?>
<!-- Generated by org.testng.reporters.JUnitReportReporter -->
<testsuite hostname="Niveen" failures="0" tests="2" name="com.smartbuy.BuyFromCart" time="19.109" errors="0" timestamp="2022-11-25T21:06:11 AST" skipped="0">
  <testcase classname="com.smartbuy.BuyFromCart" name="verifyAddManyItemsToCartForSamsung_TV" time="13.699"/>
  <system-out/>
  <testcase classname="com.smartbuy.BuyFromCart" name="verifyPriceAfterDiscountForSamsung_TV" time="5.410"/>
  <system-out/>
</testsuite> <!-- com.smartbuy.BuyFromCart -->
